<?xml version="1.0" encoding="UTF-8"?>
<!-- Generated by org.testng.reporters.JUnitReportReporter -->
<testsuite hostname="DESKTOP-3GGAOQB" failures="0" tests="1" name="basic.OrganizationTest" time="32.913" errors="0" timestamp="2024-03-15T08:11:42 PDT" skipped="0">
  <testcase classname="basic.OrganizationTest" name="CreateOrganizationTest" time="32.913"/>
  <system-out/>
</testsuite> <!-- basic.OrganizationTest -->
